1/5/2026, 6:15:19 PM [astro-service] info: Starting Nest application...
1/5/2026, 6:15:19 PM [astro-service] info: Astro service listening on http://localhost:8002
1/5/2026, 6:15:19 PM [astro-service] info: TypeOrmModule dependencies initialized
1/5/2026, 6:15:19 PM [astro-service] info: ConfigHostModule dependencies initialized
1/5/2026, 6:15:19 PM [astro-service] info: WinstonModule dependencies initialized
1/5/2026, 6:15:19 PM [astro-service] info: AppModule dependencies initialized
1/5/2026, 6:15:19 PM [astro-service] info: ConfigModule dependencies initialized
1/5/2026, 6:15:19 PM [astro-service] info: LoggerModule dependencies initialized
1/5/2026, 6:15:19 PM [astro-service] info: TypeOrmCoreModule dependencies initialized
1/5/2026, 6:15:19 PM [astro-service] info: AppController {/}:
1/5/2026, 6:15:19 PM [astro-service] info: Mapped {/health, GET} route
1/5/2026, 6:15:19 PM [astro-service] info: Nest application successfully started
1/5/2026, 6:15:19 PM [auth-service] info: Starting Nest application...
1/5/2026, 6:15:19 PM [auth-service] info: Auth service listening on http://localhost:8001
1/5/2026, 6:15:19 PM [auth-service] info: TypeOrmModule dependencies initialized
1/5/2026, 6:15:19 PM [auth-service] info: PassportModule dependencies initialized
1/5/2026, 6:15:19 PM [auth-service] info: ConfigHostModule dependencies initialized
1/5/2026, 6:15:19 PM [auth-service] info: WinstonModule dependencies initialized
1/5/2026, 6:15:19 PM [auth-service] info: AppModule dependencies initialized
1/5/2026, 6:15:19 PM [auth-service] info: ConfigModule dependencies initialized
1/5/2026, 6:15:19 PM [auth-service] info: LoggerModule dependencies initialized
1/5/2026, 6:15:19 PM [auth-service] info: JwtModule dependencies initialized
1/5/2026, 6:15:19 PM [auth-service] info: TypeOrmCoreModule dependencies initialized
1/5/2026, 6:15:19 PM [auth-service] info: TypeOrmModule dependencies initialized
1/5/2026, 6:15:19 PM [auth-service] info: TypeOrmModule dependencies initialized
1/5/2026, 6:15:19 PM [auth-service] info: TypeOrmModule dependencies initialized
1/5/2026, 6:15:19 PM [auth-service] info: UsersModule dependencies initialized
1/5/2026, 6:15:19 PM [auth-service] info: UserDetailsModule dependencies initialized
1/5/2026, 6:15:19 PM [auth-service] info: GuestsModule dependencies initialized
1/5/2026, 6:15:19 PM [auth-service] info: AuthModule dependencies initialized
1/5/2026, 6:15:19 PM [auth-service] info: AppController {/}:
1/5/2026, 6:15:19 PM [auth-service] info: Mapped {/health, GET} route
1/5/2026, 6:15:19 PM [auth-service] info: AuthController {/api/v1/auth}:
1/5/2026, 6:15:19 PM [auth-service] info: Mapped {/api/v1/auth/signup, POST} route
1/5/2026, 6:15:19 PM [auth-service] info: Mapped {/api/v1/auth/login, POST} route
1/5/2026, 6:15:19 PM [auth-service] info: GuestsController {/api/v1/guests}:
1/5/2026, 6:15:19 PM [auth-service] info: Mapped {/api/v1/guests, POST} route
1/5/2026, 6:15:19 PM [auth-service] info: Nest application successfully started
