12/24/2025, 4:40:49 PM [auth-service] error: Unable to connect to the database. Retrying (1)...
Error: SASL: SCRAM-SERVER-FIRST-MESSAGE: client password must be a string
    at Object.continueSession (/home/mohit-genboot/Desktop/Projects/astro-monorepo/node_modules/pg/lib/crypto/sasl.js:36:11)
    at Client._handleAuthSASLContinue (/home/mohit-genboot/Desktop/Projects/astro-monorepo/node_modules/pg/lib/client.js:276:18)
    at Connection.emit (node:events:518:28)
    at /home/mohit-genboot/Desktop/Projects/astro-monorepo/node_modules/pg/lib/connection.js:116:12
    at Parser.parse (/home/mohit-genboot/Desktop/Projects/astro-monorepo/node_modules/pg-protocol/src/parser.ts:103:9)
    at Socket.<anonymous> (/home/mohit-genboot/Desktop/Projects/astro-monorepo/node_modules/pg-protocol/src/index.ts:7:48)
    at Socket.emit (node:events:518:28)
    at addChunk (node:internal/streams/readable:559:12)
    at readableAddChunkPushByteMode (node:internal/streams/readable:510:3)
    at Socket.Readable.push (node:internal/streams/readable:390:5)
12/24/2025, 4:41:03 PM [astro-service] error: Unable to connect to the database. Retrying (1)...
Error: SASL: SCRAM-SERVER-FIRST-MESSAGE: client password must be a string
    at Object.continueSession (/home/mohit-genboot/Desktop/Projects/astro-monorepo/node_modules/pg/lib/crypto/sasl.js:36:11)
    at Client._handleAuthSASLContinue (/home/mohit-genboot/Desktop/Projects/astro-monorepo/node_modules/pg/lib/client.js:276:18)
    at Connection.emit (node:events:518:28)
    at /home/mohit-genboot/Desktop/Projects/astro-monorepo/node_modules/pg/lib/connection.js:116:12
    at Parser.parse (/home/mohit-genboot/Desktop/Projects/astro-monorepo/node_modules/pg-protocol/src/parser.ts:103:9)
    at Socket.<anonymous> (/home/mohit-genboot/Desktop/Projects/astro-monorepo/node_modules/pg-protocol/src/index.ts:7:48)
    at Socket.emit (node:events:518:28)
    at addChunk (node:internal/streams/readable:559:12)
    at readableAddChunkPushByteMode (node:internal/streams/readable:510:3)
    at Socket.Readable.push (node:internal/streams/readable:390:5)
